{"/Users/pat/Desktop/ReactJestDemo/reactJestDemo/src/App.tsx": {"path":"/Users/pat/Desktop/ReactJestDemo/reactJestDemo/src/App.tsx","statementMap":{"0":{"start":{"line":1,"column":0},"end":{"line":1,"column":33}},"1":{"start":{"line":2,"column":0},"end":{"line":2,"column":42}},"2":{"start":{"line":5,"column":28},"end":{"line":5,"column":39}},"3":{"start":{"line":8,"column":4},"end":{"line":8,"column":11}},"4":{"start":{"line":11,"column":2},"end":{"line":22,"column":4}},"5":{"start":{"line":25,"column":0},"end":{"line":25,"column":19}}},"fnMap":{"0":{"name":"App","decl":{"start":{"line":4,"column":9},"end":{"line":4,"column":12}},"loc":{"start":{"line":4,"column":12},"end":{"line":23,"column":1}}},"1":{"name":"noop","decl":{"start":{"line":7,"column":11},"end":{"line":7,"column":15}},"loc":{"start":{"line":7,"column":15},"end":{"line":9,"column":3}}}},"branchMap":{},"s":{"0":1,"1":1,"2":1,"3":0,"4":1,"5":1},"f":{"0":1,"1":0},"b":{}}
,"/Users/pat/Desktop/ReactJestDemo/reactJestDemo/src/Login/LoginForm.tsx": {"path":"/Users/pat/Desktop/ReactJestDemo/reactJestDemo/src/Login/LoginForm.tsx","statementMap":{"0":{"start":{"line":1,"column":0},"end":{"line":1,"column":26}},"1":{"start":{"line":12,"column":34},"end":{"line":12,"column":52}},"2":{"start":{"line":13,"column":34},"end":{"line":13,"column":52}},"3":{"start":{"line":14,"column":34},"end":{"line":14,"column":70}},"4":{"start":{"line":16,"column":31},"end":{"line":20,"column":3}},"5":{"start":{"line":17,"column":22},"end":{"line":17,"column":30}},"6":{"start":{"line":18,"column":4},"end":{"line":18,"column":23}},"7":{"start":{"line":19,"column":4},"end":{"line":19,"column":34}},"8":{"start":{"line":22,"column":31},"end":{"line":26,"column":3}},"9":{"start":{"line":23,"column":22},"end":{"line":23,"column":30}},"10":{"start":{"line":24,"column":4},"end":{"line":24,"column":23}},"11":{"start":{"line":25,"column":4},"end":{"line":25,"column":34}},"12":{"start":{"line":28,"column":31},"end":{"line":32,"column":3}},"13":{"start":{"line":29,"column":24},"end":{"line":29,"column":32}},"14":{"start":{"line":30,"column":4},"end":{"line":30,"column":25}},"15":{"start":{"line":31,"column":4},"end":{"line":31,"column":36}},"16":{"start":{"line":34,"column":23},"end":{"line":37,"column":3}},"17":{"start":{"line":35,"column":4},"end":{"line":35,"column":23}},"18":{"start":{"line":36,"column":4},"end":{"line":36,"column":49}},"19":{"start":{"line":39,"column":2},"end":{"line":74,"column":4}},"20":{"start":{"line":77,"column":0},"end":{"line":77,"column":25}}},"fnMap":{"0":{"name":"LoginForm","decl":{"start":{"line":11,"column":9},"end":{"line":11,"column":18}},"loc":{"start":{"line":11,"column":31},"end":{"line":75,"column":1}}},"1":{"name":"(anonymous_2)","decl":{"start":{"line":16,"column":31},"end":{"line":16,"column":32}},"loc":{"start":{"line":16,"column":74},"end":{"line":20,"column":3}}},"2":{"name":"(anonymous_3)","decl":{"start":{"line":22,"column":31},"end":{"line":22,"column":32}},"loc":{"start":{"line":22,"column":74},"end":{"line":26,"column":3}}},"3":{"name":"(anonymous_4)","decl":{"start":{"line":28,"column":31},"end":{"line":28,"column":32}},"loc":{"start":{"line":28,"column":74},"end":{"line":32,"column":3}}},"4":{"name":"(anonymous_5)","decl":{"start":{"line":34,"column":23},"end":{"line":34,"column":24}},"loc":{"start":{"line":34,"column":46},"end":{"line":37,"column":3}}}},"branchMap":{},"s":{"0":2,"1":13,"2":13,"3":13,"4":13,"5":2,"6":2,"7":2,"8":13,"9":2,"10":2,"11":2,"12":13,"13":3,"14":3,"15":3,"16":13,"17":1,"18":1,"19":13,"20":2},"f":{"0":13,"1":2,"2":2,"3":3,"4":1},"b":{}}
}
