TN:
SF:src/App.tsx
FN:4,App
FN:7,noop
FNF:2
FNH:1
FNDA:1,App
FNDA:0,noop
DA:1,1
DA:2,1
DA:5,1
DA:8,0
DA:11,1
DA:25,1
LF:6
LH:5
BRF:0
BRH:0
end_of_record
TN:
SF:src/Login/LoginForm.tsx
FN:11,LoginForm
FN:16,(anonymous_2)
FN:22,(anonymous_3)
FN:28,(anonymous_4)
FN:34,(anonymous_5)
FNF:5
FNH:5
FNDA:13,LoginForm
FNDA:2,(anonymous_2)
FNDA:2,(anonymous_3)
FNDA:3,(anonymous_4)
FNDA:1,(anonymous_5)
DA:1,2
DA:12,13
DA:13,13
DA:14,13
DA:16,13
DA:17,2
DA:18,2
DA:19,2
DA:22,13
DA:23,2
DA:24,2
DA:25,2
DA:28,13
DA:29,3
DA:30,3
DA:31,3
DA:34,13
DA:35,1
DA:36,1
DA:39,13
DA:77,2
LF:21
LH:21
BRF:0
BRH:0
end_of_record
